ERROR - 2023-07-03 07:20:30 --> Error connecting to the database: mysqli_sql_exception: Aucune connexion n’a pu être établie car l’ordinateur cible l’a expressément refusée in C:\xampp8.2.4\htdocs\Gestion_Universite\system\Database\MySQLi\Connection.php:173
Stack trace:
#0 C:\xampp8.2.4\htdocs\Gestion_Universite\system\Database\MySQLi\Connection.php(173): mysqli->real_connect('localhost', 'root', Object(SensitiveParameterValue), 'gestion_univers...', 3306, '', 0)
#1 C:\xampp8.2.4\htdocs\Gestion_Universite\system\Database\BaseConnection.php(391): CodeIgniter\Database\MySQLi\Connection->connect(false)
#2 C:\xampp8.2.4\htdocs\Gestion_Universite\system\Database\BaseConnection.php(574): CodeIgniter\Database\BaseConnection->initialize()
#3 C:\xampp8.2.4\htdocs\Gestion_Universite\system\Database\BaseBuilder.php(2476): CodeIgniter\Database\BaseConnection->query('UPDATE `promoti...', Array, false)
#4 C:\xampp8.2.4\htdocs\Gestion_Universite\system\Model.php(453): CodeIgniter\Database\BaseBuilder->update(Array)
#5 C:\xampp8.2.4\htdocs\Gestion_Universite\system\BaseModel.php(1065): CodeIgniter\Model->doDelete(Array, false)
#6 C:\xampp8.2.4\htdocs\Gestion_Universite\app\Controllers\Home.php(26): CodeIgniter\BaseModel->delete(Array)
#7 C:\xampp8.2.4\htdocs\Gestion_Universite\system\CodeIgniter.php(932): App\Controllers\Home->index()
#8 C:\xampp8.2.4\htdocs\Gestion_Universite\system\CodeIgniter.php(497): CodeIgniter\CodeIgniter->runController(Object(App\Controllers\Home))
#9 C:\xampp8.2.4\htdocs\Gestion_Universite\system\CodeIgniter.php(366): CodeIgniter\CodeIgniter->handleRequest(NULL, Object(Config\Cache), false)
#10 C:\xampp8.2.4\htdocs\Gestion_Universite\public\index.php(67): CodeIgniter\CodeIgniter->run()
#11 C:\xampp8.2.4\htdocs\Gestion_Universite\system\Commands\Server\rewrite.php(47): require_once('C:\\xampp8.2.4\\h...')
#12 {main}

Next CodeIgniter\Database\Exceptions\DatabaseException: Aucune connexion n’a pu être établie car l’ordinateur cible l’a expressément refusée in C:\xampp8.2.4\htdocs\Gestion_Universite\system\Database\MySQLi\Connection.php:218
Stack trace:
#0 C:\xampp8.2.4\htdocs\Gestion_Universite\system\Database\BaseConnection.php(391): CodeIgniter\Database\MySQLi\Connection->connect(false)
#1 C:\xampp8.2.4\htdocs\Gestion_Universite\system\Database\BaseConnection.php(574): CodeIgniter\Database\BaseConnection->initialize()
#2 C:\xampp8.2.4\htdocs\Gestion_Universite\system\Database\BaseBuilder.php(2476): CodeIgniter\Database\BaseConnection->query('UPDATE `promoti...', Array, false)
#3 C:\xampp8.2.4\htdocs\Gestion_Universite\system\Model.php(453): CodeIgniter\Database\BaseBuilder->update(Array)
#4 C:\xampp8.2.4\htdocs\Gestion_Universite\system\BaseModel.php(1065): CodeIgniter\Model->doDelete(Array, false)
#5 C:\xampp8.2.4\htdocs\Gestion_Universite\app\Controllers\Home.php(26): CodeIgniter\BaseModel->delete(Array)
#6 C:\xampp8.2.4\htdocs\Gestion_Universite\system\CodeIgniter.php(932): App\Controllers\Home->index()
#7 C:\xampp8.2.4\htdocs\Gestion_Universite\system\CodeIgniter.php(497): CodeIgniter\CodeIgniter->runController(Object(App\Controllers\Home))
#8 C:\xampp8.2.4\htdocs\Gestion_Universite\system\CodeIgniter.php(366): CodeIgniter\CodeIgniter->handleRequest(NULL, Object(Config\Cache), false)
#9 C:\xampp8.2.4\htdocs\Gestion_Universite\public\index.php(67): CodeIgniter\CodeIgniter->run()
#10 C:\xampp8.2.4\htdocs\Gestion_Universite\system\Commands\Server\rewrite.php(47): require_once('C:\\xampp8.2.4\\h...')
#11 {main}
CRITICAL - 2023-07-03 07:20:30 --> Unable to connect to the database.
Main connection [MySQLi]: Aucune connexion n’a pu être établie car l’ordinateur cible l’a expressément refusée
in SYSTEMPATH\Database\BaseConnection.php on line 427.
 1 SYSTEMPATH\Database\BaseConnection.php(574): CodeIgniter\Database\BaseConnection->initialize()
 2 SYSTEMPATH\Database\BaseBuilder.php(2476): CodeIgniter\Database\BaseConnection->query('UPDATE `promotion` SET `date_suppression` = :date_suppression:, `date_modification` = :date_modification:
WHERE `id` IN :id:
AND `date_suppression` IS NULL', [...], false)
 3 SYSTEMPATH\Model.php(453): CodeIgniter\Database\BaseBuilder->update([...])
 4 SYSTEMPATH\BaseModel.php(1065): CodeIgniter\Model->doDelete([...], false)
 5 APPPATH\Controllers\Home.php(26): CodeIgniter\BaseModel->delete([...])
 6 SYSTEMPATH\CodeIgniter.php(932): App\Controllers\Home->index()
 7 SYSTEMPATH\CodeIgniter.php(497): CodeIgniter\CodeIgniter->runController(Object(App\Controllers\Home))
 8 SYSTEMPATH\CodeIgniter.php(366): CodeIgniter\CodeIgniter->handleRequest(null, Object(Config\Cache), false)
 9 FCPATH\index.php(67): CodeIgniter\CodeIgniter->run()
10 SYSTEMPATH\Commands\Server\rewrite.php(47): require_once('C:\\xampp8.2.4\\htdocs\\Gestion_Universite\\public\\index.php')
CRITICAL - 2023-07-03 13:46:06 --> syntax error, unexpected identifier "a"
in APPPATH\Config\Routes.php on line 5.
 1 SYSTEMPATH\CodeIgniter.php(800): CodeIgniter\Router\RouteCollection->loadRoutes()
 2 SYSTEMPATH\CodeIgniter.php(447): CodeIgniter\CodeIgniter->tryToRouteIt(null)
 3 SYSTEMPATH\CodeIgniter.php(366): CodeIgniter\CodeIgniter->handleRequest(null, Object(Config\Cache), false)
 4 FCPATH\index.php(67): CodeIgniter\CodeIgniter->run()
 5 SYSTEMPATH\Commands\Server\rewrite.php(47): require_once('C:\\xampp8.2.4\\htdocs\\Gestion_Universite\\public\\index.php')
CRITICAL - 2023-07-03 13:46:06 --> syntax error, unexpected identifier "a"
in APPPATH\Config\Routes.php on line 5.
 1 SYSTEMPATH\CodeIgniter.php(800): CodeIgniter\Router\RouteCollection->loadRoutes()
 2 SYSTEMPATH\CodeIgniter.php(447): CodeIgniter\CodeIgniter->tryToRouteIt(null)
 3 SYSTEMPATH\CodeIgniter.php(366): CodeIgniter\CodeIgniter->handleRequest(null, Object(Config\Cache), false)
 4 FCPATH\index.php(67): CodeIgniter\CodeIgniter->run()
 5 SYSTEMPATH\Commands\Server\rewrite.php(47): require_once('C:\\xampp8.2.4\\htdocs\\Gestion_Universite\\public\\index.php')
CRITICAL - 2023-07-03 13:46:07 --> syntax error, unexpected identifier "a"
in APPPATH\Config\Routes.php on line 5.
 1 SYSTEMPATH\CodeIgniter.php(800): CodeIgniter\Router\RouteCollection->loadRoutes()
 2 SYSTEMPATH\CodeIgniter.php(447): CodeIgniter\CodeIgniter->tryToRouteIt(null)
 3 SYSTEMPATH\CodeIgniter.php(366): CodeIgniter\CodeIgniter->handleRequest(null, Object(Config\Cache), false)
 4 FCPATH\index.php(67): CodeIgniter\CodeIgniter->run()
 5 SYSTEMPATH\Commands\Server\rewrite.php(47): require_once('C:\\xampp8.2.4\\htdocs\\Gestion_Universite\\public\\index.php')
CRITICAL - 2023-07-03 13:46:08 --> syntax error, unexpected identifier "a"
in APPPATH\Config\Routes.php on line 5.
 1 SYSTEMPATH\CodeIgniter.php(800): CodeIgniter\Router\RouteCollection->loadRoutes()
 2 SYSTEMPATH\CodeIgniter.php(447): CodeIgniter\CodeIgniter->tryToRouteIt(null)
 3 SYSTEMPATH\CodeIgniter.php(366): CodeIgniter\CodeIgniter->handleRequest(null, Object(Config\Cache), false)
 4 FCPATH\index.php(67): CodeIgniter\CodeIgniter->run()
 5 SYSTEMPATH\Commands\Server\rewrite.php(47): require_once('C:\\xampp8.2.4\\htdocs\\Gestion_Universite\\public\\index.php')
CRITICAL - 2023-07-03 13:46:08 --> syntax error, unexpected identifier "a"
in APPPATH\Config\Routes.php on line 5.
 1 SYSTEMPATH\CodeIgniter.php(800): CodeIgniter\Router\RouteCollection->loadRoutes()
 2 SYSTEMPATH\CodeIgniter.php(447): CodeIgniter\CodeIgniter->tryToRouteIt(null)
 3 SYSTEMPATH\CodeIgniter.php(366): CodeIgniter\CodeIgniter->handleRequest(null, Object(Config\Cache), false)
 4 FCPATH\index.php(67): CodeIgniter\CodeIgniter->run()
 5 SYSTEMPATH\Commands\Server\rewrite.php(47): require_once('C:\\xampp8.2.4\\htdocs\\Gestion_Universite\\public\\index.php')
CRITICAL - 2023-07-03 13:47:59 --> syntax error, unexpected identifier "a"
in APPPATH\Config\Routes.php on line 5.
 1 SYSTEMPATH\CodeIgniter.php(800): CodeIgniter\Router\RouteCollection->loadRoutes()
 2 SYSTEMPATH\CodeIgniter.php(447): CodeIgniter\CodeIgniter->tryToRouteIt(null)
 3 SYSTEMPATH\CodeIgniter.php(366): CodeIgniter\CodeIgniter->handleRequest(null, Object(Config\Cache), false)
 4 FCPATH\index.php(67): CodeIgniter\CodeIgniter->run()
 5 SYSTEMPATH\Commands\Server\rewrite.php(47): require_once('C:\\xampp8.2.4\\htdocs\\Gestion_Universite\\public\\index.php')
CRITICAL - 2023-07-03 13:47:59 --> syntax error, unexpected identifier "a"
in APPPATH\Config\Routes.php on line 5.
 1 SYSTEMPATH\CodeIgniter.php(800): CodeIgniter\Router\RouteCollection->loadRoutes()
 2 SYSTEMPATH\CodeIgniter.php(447): CodeIgniter\CodeIgniter->tryToRouteIt(null)
 3 SYSTEMPATH\CodeIgniter.php(366): CodeIgniter\CodeIgniter->handleRequest(null, Object(Config\Cache), false)
 4 FCPATH\index.php(67): CodeIgniter\CodeIgniter->run()
 5 SYSTEMPATH\Commands\Server\rewrite.php(47): require_once('C:\\xampp8.2.4\\htdocs\\Gestion_Universite\\public\\index.php')
CRITICAL - 2023-07-03 14:29:06 --> Invalid file: "basic_table.php"
in SYSTEMPATH\Exceptions\FrameworkException.php on line 33.
 1 SYSTEMPATH\View\View.php(212): CodeIgniter\Exceptions\FrameworkException::forInvalidFile('basic_table.php')
 2 SYSTEMPATH\Common.php(1180): CodeIgniter\View\View->render('basic_table', [], true)
 3 APPPATH\Controllers\Home.php(48): view('basic_table')
 4 SYSTEMPATH\CodeIgniter.php(932): App\Controllers\Home->basic_table()
 5 SYSTEMPATH\CodeIgniter.php(497): CodeIgniter\CodeIgniter->runController(Object(App\Controllers\Home))
 6 SYSTEMPATH\CodeIgniter.php(366): CodeIgniter\CodeIgniter->handleRequest(null, Object(Config\Cache), false)
 7 FCPATH\index.php(67): CodeIgniter\CodeIgniter->run()
 8 SYSTEMPATH\Commands\Server\rewrite.php(47): require_once('C:\\xampp8.2.4\\htdocs\\Gestion_Universite\\public\\index.php')
CRITICAL - 2023-07-03 14:29:27 --> Invalid file: "basic_table.php"
in SYSTEMPATH\Exceptions\FrameworkException.php on line 33.
 1 SYSTEMPATH\View\View.php(212): CodeIgniter\Exceptions\FrameworkException::forInvalidFile('basic_table.php')
 2 SYSTEMPATH\Common.php(1180): CodeIgniter\View\View->render('basic_table', [], true)
 3 APPPATH\Controllers\Home.php(48): view('basic_table')
 4 SYSTEMPATH\CodeIgniter.php(932): App\Controllers\Home->basic_table()
 5 SYSTEMPATH\CodeIgniter.php(497): CodeIgniter\CodeIgniter->runController(Object(App\Controllers\Home))
 6 SYSTEMPATH\CodeIgniter.php(366): CodeIgniter\CodeIgniter->handleRequest(null, Object(Config\Cache), false)
 7 FCPATH\index.php(67): CodeIgniter\CodeIgniter->run()
 8 SYSTEMPATH\Commands\Server\rewrite.php(47): require_once('C:\\xampp8.2.4\\htdocs\\Gestion_Universite\\public\\index.php')
